{
  "stats": {
    "suites": 1,
    "tests": 1,
    "passes": 0,
    "pending": 0,
    "failures": 1,
    "start": "2023-04-18T13:43:56.685Z",
    "end": "2023-04-18T13:46:40.247Z",
    "duration": 163562,
    "testsRegistered": 1,
    "passPercent": 0,
    "pendingPercent": 0,
    "other": 0,
    "hasOther": false,
    "skipped": 0,
    "hasSkipped": false
  },
  "results": [
    {
      "uuid": "02c4ca87-2008-455c-beea-0aced79c9476",
      "title": "",
      "fullFile": "C:\\Liquidx\\LiquidX\\qa-api-onboarding\\app\\spec\\GET\\Lookups.spec.ts",
      "file": "\\app\\spec\\GET\\Lookups.spec.ts",
      "beforeHooks": [],
      "afterHooks": [],
      "tests": [],
      "suites": [
        {
          "uuid": "11a002a2-97bd-47cc-b247-d37f77961f82",
          "title": "====================Sample Tests==============================",
          "fullFile": "C:\\Liquidx\\LiquidX\\qa-api-onboarding\\app\\spec\\GET\\Lookups.spec.ts",
          "file": "\\app\\spec\\GET\\Lookups.spec.ts",
          "beforeHooks": [
            {
              "title": "\"before all\" hook: setup in \"====================Sample Tests==============================\"",
              "fullTitle": "====================Sample Tests============================== \"before all\" hook: setup in \"====================Sample Tests==============================\"",
              "timedOut": false,
              "duration": 3538,
              "state": null,
              "speed": null,
              "pass": false,
              "fail": false,
              "pending": false,
              "context": null,
              "code": "console.log(\"env, \", env);\n//     accesstokenonbUserAdmin = await restObj.getAccessToken(config.onbUserAdmin, config.Password, config.b2cConfig);\n//    return accesstokenonbUserAdmin\nawait restObj.getAccessToken(config.onbUserAdmin, config.Password, config.b2cConfig).then((token) => {\n    return accesstokenonbUserAdmin = token;\n});\nonbe2eObj = new index_1.E2EONBHelper(accesstokenonbUserAdmin);\nlet commonObj = new index_1.CommonHelper();",
              "err": {},
              "uuid": "0dbe64a8-eb03-483e-9f12-1ef66486f70b",
              "parentUUID": "11a002a2-97bd-47cc-b247-d37f77961f82",
              "isHook": true,
              "skipped": false
            }
          ],
          "afterHooks": [],
          "tests": [
            {
              "title": "Get Available products in Onboarding ",
              "fullTitle": "====================Sample Tests============================== Get Available products in Onboarding ",
              "timedOut": true,
              "duration": 160010,
              "state": "failed",
              "speed": null,
              "pass": false,
              "fail": true,
              "pending": false,
              "context": null,
              "code": "await new Promise((resolve) => setTimeout(async function () {\n    // await onbe2eObj.getAvailableProductsForONB();\n    // var responseData = await onbe2eObj.getAvailableProductsForONB();\n    // console.log(\"********* Get Available products For ONB  ******\", responseData);\n    // resolve(allProducts);\n    // console.log(\"invoices - \", allProducts);\n    var responseData = await onbe2eObj.getAvailableProductsForONB();\n    console.log(\"********* Get Available products For ONB  ******\", responseData);\n}));",
              "err": {
                "message": "Error: Timeout of 160000ms exceeded. For async tests and hooks, ensure \"done()\" is called; if returning a Promise, ensure it resolves. (C:\\Liquidx\\LiquidX\\qa-api-onboarding\\app\\spec\\GET\\Lookups.spec.ts)",
                "estack": "Error: Timeout of 160000ms exceeded. For async tests and hooks, ensure \"done()\" is called; if returning a Promise, ensure it resolves. (C:\\Liquidx\\LiquidX\\qa-api-onboarding\\app\\spec\\GET\\Lookups.spec.ts)\n    at listOnTimeout (node:internal/timers:564:17)\n    at processTimers (node:internal/timers:507:7)",
                "diff": null
              },
              "uuid": "3299acca-c95d-4fc7-b882-78c18738c344",
              "parentUUID": "11a002a2-97bd-47cc-b247-d37f77961f82",
              "isHook": false,
              "skipped": false
            }
          ],
          "suites": [],
          "passes": [],
          "failures": [
            "3299acca-c95d-4fc7-b882-78c18738c344"
          ],
          "pending": [],
          "skipped": [],
          "duration": 160010,
          "root": false,
          "rootEmpty": false,
          "_timeout": 160000
        }
      ],
      "passes": [],
      "failures": [],
      "pending": [],
      "skipped": [],
      "duration": 0,
      "root": true,
      "rootEmpty": true,
      "_timeout": 160000
    }
  ],
  "meta": {
    "mocha": {
      "version": "10.0.0"
    },
    "mochawesome": {
      "options": {
        "quiet": false,
        "reportFilename": "GETLookups_2023-04-18_19-13-51_execution_report",
        "saveHtml": true,
        "saveJson": true,
        "consoleReporter": "spec",
        "useInlineDiffs": false,
        "code": true
      },
      "version": "7.1.3"
    },
    "marge": {
      "options": {
        "enableCode": "false",
        "mochaFile": "results/my-test-output.xml",
        "reportFilename": "GETLookups_2023-04-18_19-13-51_execution_report"
      },
      "version": "6.2.0"
    }
  }
}