{
  "stats": {
    "suites": 1,
    "tests": 6,
    "passes": 6,
    "pending": 0,
    "failures": 0,
    "start": "2023-04-21T09:10:14.420Z",
    "end": "2023-04-21T09:10:33.509Z",
    "duration": 19089,
    "testsRegistered": 6,
    "passPercent": 100,
    "pendingPercent": 0,
    "other": 0,
    "hasOther": false,
    "skipped": 0,
    "hasSkipped": false
  },
  "results": [
    {
      "uuid": "f9312971-f881-4450-b554-fc53b31db870",
      "title": "",
      "fullFile": "C:\\Users\\12813\\Onboarding Node js\\-QA-OnboardingAPI\\app\\spec\\GET\\Lookups.spec.ts",
      "file": "\\app\\spec\\GET\\Lookups.spec.ts",
      "beforeHooks": [],
      "afterHooks": [],
      "tests": [],
      "suites": [
        {
          "uuid": "934f680e-c63d-4bbb-9dad-8889a5271ccc",
          "title": "====================Sample Tests==============================",
          "fullFile": "C:\\Users\\12813\\Onboarding Node js\\-QA-OnboardingAPI\\app\\spec\\GET\\Lookups.spec.ts",
          "file": "\\app\\spec\\GET\\Lookups.spec.ts",
          "beforeHooks": [
            {
              "title": "\"before all\" hook: setup in \"====================Sample Tests==============================\"",
              "fullTitle": "====================Sample Tests============================== \"before all\" hook: setup in \"====================Sample Tests==============================\"",
              "timedOut": false,
              "duration": 6271,
              "state": null,
              "speed": null,
              "pass": false,
              "fail": false,
              "pending": false,
              "context": null,
              "code": "console.log(\"env, \", env);\n//     accesstokenonbUserAdmin = await restObj.getAccessToken(config.onbUserAdmin, config.Password, config.b2cConfig);\n//    return accesstokenonbUserAdmin\nawait restObj.getAccessToken(config.onbUserAdmin, config.Password, config.b2cConfig).then((token) => {\n    return accesstokenonbUserAdmin = token;\n});\nonbe2eObj = new index_1.E2EONBHelper(accesstokenonbUserAdmin);\nlet commonObj = new index_1.CommonHelper();",
              "err": {},
              "uuid": "ea728863-2ecd-4f6d-b5d1-ba8e67c37b31",
              "parentUUID": "934f680e-c63d-4bbb-9dad-8889a5271ccc",
              "isHook": true,
              "skipped": false
            }
          ],
          "afterHooks": [],
          "tests": [
            {
              "title": "Get Available products in Onboarding ",
              "fullTitle": "====================Sample Tests============================== Get Available products in Onboarding ",
              "timedOut": false,
              "duration": 2027,
              "state": "passed",
              "speed": "slow",
              "pass": true,
              "fail": false,
              "pending": false,
              "context": null,
              "code": "// await new Promise<void>((resolve) => setTimeout(async function () {\n// await onbe2eObj.getAvailableProductsForONB();\nvar responsebody = await onbe2eObj.getAvailableProductsForONB();\nconsole.log(JSON.stringify(responsebody));\n// console.log(\"responsedata--\" +(responseData));\nfor (var i = 0; i < responsebody.length; i++) {\n    expect(responsebody[i].isActive).to.eql(true);\n    expect(responsebody[i].code).to.be.oneOf(['AR', 'PUT', 'INS', 'SCF']);\n    console.log(\"isActive ----\" + responsebody[i].isActive);\n    console.log(\"code ----\" + responsebody[i].code);\n}\n// }));",
              "err": {},
              "uuid": "c4a30fa4-3e19-4745-bb9a-33503cc46104",
              "parentUUID": "934f680e-c63d-4bbb-9dad-8889a5271ccc",
              "isHook": false,
              "skipped": false
            },
            {
              "title": "Get All Countries for Onboarding ",
              "fullTitle": "====================Sample Tests============================== Get All Countries for Onboarding ",
              "timedOut": false,
              "duration": 2166,
              "state": "passed",
              "speed": "slow",
              "pass": true,
              "fail": false,
              "pending": false,
              "context": null,
              "code": "var responsebody = await onbe2eObj.getAllCountriesForONB();\nvar responseData = JSON.stringify(responsebody);\nconsole.log(responseData);\nfor (var i = 0; i < responsebody.length; i++) {\n    expect(responsebody[i].name).not.eql(null);\n    expect(responsebody[i].code).not.eql(null);\n}\n// var random = Math.floor(Math.random() * responsebody.length);\n// var countryCode = responsebody[random].code\n// console.log(countryCode);\n// localStorage.setItem(\"countryCode\",countryCode);",
              "err": {},
              "uuid": "3aee3387-3ca2-4193-8e34-04ae2ded81cd",
              "parentUUID": "934f680e-c63d-4bbb-9dad-8889a5271ccc",
              "isHook": false,
              "skipped": false
            },
            {
              "title": "Get All Currencies for Onboarding ",
              "fullTitle": "====================Sample Tests============================== Get All Currencies for Onboarding ",
              "timedOut": false,
              "duration": 1187,
              "state": "passed",
              "speed": "slow",
              "pass": true,
              "fail": false,
              "pending": false,
              "context": null,
              "code": "var responsebody = await onbe2eObj.getAllCurrenciesForONB();\nconsole.log(JSON.stringify(responsebody));\nfor (var i = 0; i < responsebody.length; i++) {\n    expect(responsebody[i].code).to.be.oneOf(['AUD', 'CAD', 'CHF', 'EUR', 'GBP', 'MXN', 'NOK', 'SGD', 'USD']);\n    expect(responsebody[i].description).not.eql(null);\n}",
              "err": {},
              "uuid": "4d6bcc41-a808-4075-9005-e1f27203ccc4",
              "parentUUID": "934f680e-c63d-4bbb-9dad-8889a5271ccc",
              "isHook": false,
              "skipped": false
            },
            {
              "title": "Get All Roles for Onboarding ",
              "fullTitle": "====================Sample Tests============================== Get All Roles for Onboarding ",
              "timedOut": false,
              "duration": 1400,
              "state": "passed",
              "speed": "slow",
              "pass": true,
              "fail": false,
              "pending": false,
              "context": null,
              "code": "var responsebody = await onbe2eObj.getAllRolesForONB();\nconsole.log(JSON.stringify(responsebody));\nfor (var i = 0; i < responsebody.length; i++) {\n    expect(responsebody[i]).to.have.all.keys(['id', 'name', 'roleName', 'description', 'productCode']);\n}",
              "err": {},
              "uuid": "07ca6145-8a20-4006-830e-277708568e44",
              "parentUUID": "934f680e-c63d-4bbb-9dad-8889a5271ccc",
              "isHook": false,
              "skipped": false
            },
            {
              "title": "Get Governing-Laws for Onboarding ",
              "fullTitle": "====================Sample Tests============================== Get Governing-Laws for Onboarding ",
              "timedOut": false,
              "duration": 1199,
              "state": "passed",
              "speed": "slow",
              "pass": true,
              "fail": false,
              "pending": false,
              "context": null,
              "code": "var responsebody = await onbe2eObj.getGoverningLawsForONB();\nconsole.log(JSON.stringify(responsebody));\n// for(var i=0;i<responsebody.length;i++)\n// {\n//     expect(responsebody[i]).to.have.all.keys(['id','name','roleName','description','productCode']);\n// }",
              "err": {},
              "uuid": "af672624-8eea-4e1d-aff3-eb692172924d",
              "parentUUID": "934f680e-c63d-4bbb-9dad-8889a5271ccc",
              "isHook": false,
              "skipped": false
            },
            {
              "title": "Get All Companies for Onboarding ",
              "fullTitle": "====================Sample Tests============================== Get All Companies for Onboarding ",
              "timedOut": false,
              "duration": 4821,
              "state": "passed",
              "speed": "slow",
              "pass": true,
              "fail": false,
              "pending": false,
              "context": null,
              "code": "var responsebody = await onbe2eObj.getAllCompaniesForONB();\nconsole.log(JSON.stringify(responsebody));\n// for(var i=0;i<responsebody.length;i++)\n// {\n//     expect(responsebody[i]).to.have.all.keys(['id','name','roleName','description','productCode']);\n// }",
              "err": {},
              "uuid": "fd4bf9bb-3a9e-4aa1-9b1b-38ed81274ec9",
              "parentUUID": "934f680e-c63d-4bbb-9dad-8889a5271ccc",
              "isHook": false,
              "skipped": false
            }
          ],
          "suites": [],
          "passes": [
            "c4a30fa4-3e19-4745-bb9a-33503cc46104",
            "3aee3387-3ca2-4193-8e34-04ae2ded81cd",
            "4d6bcc41-a808-4075-9005-e1f27203ccc4",
            "07ca6145-8a20-4006-830e-277708568e44",
            "af672624-8eea-4e1d-aff3-eb692172924d",
            "fd4bf9bb-3a9e-4aa1-9b1b-38ed81274ec9"
          ],
          "failures": [],
          "pending": [],
          "skipped": [],
          "duration": 12800,
          "root": false,
          "rootEmpty": false,
          "_timeout": 160000
        }
      ],
      "passes": [],
      "failures": [],
      "pending": [],
      "skipped": [],
      "duration": 0,
      "root": true,
      "rootEmpty": true,
      "_timeout": 160000
    }
  ],
  "meta": {
    "mocha": {
      "version": "10.2.0"
    },
    "mochawesome": {
      "options": {
        "quiet": false,
        "reportFilename": "GETLookups_2023-04-21_14-40-07_execution_report",
        "saveHtml": true,
        "saveJson": true,
        "consoleReporter": "spec",
        "useInlineDiffs": false,
        "code": true
      },
      "version": "7.1.3"
    },
    "marge": {
      "options": {
        "enableCode": "false",
        "mochaFile": "results/my-test-output.xml",
        "reportFilename": "GETLookups_2023-04-21_14-40-07_execution_report"
      },
      "version": "6.2.0"
    }
  }
}